16:54:20:266  INFO 16868 --- [main] com.hmall.HMallApplication               : Starting HMallApplication using Java 11.0.31 on X with PID 16868 (D:\IDEAworkspace\hmall\hm-service\target\classes started by 33523 in D:\IDEAworkspace\hmall)
16:54:20:271 DEBUG 16868 --- [main] com.hmall.HMallApplication               : Running with Spring Boot v2.7.12, Spring v5.3.27
16:54:20:272  INFO 16868 --- [main] com.hmall.HMallApplication               : The following 1 profile is active: "local"
16:54:21:724  INFO 16868 --- [main] .s.d.r.c.RepositoryConfigurationDelegate : Multiple Spring Data modules found, entering strict repository configuration mode
16:54:21:726  INFO 16868 --- [main] .s.d.r.c.RepositoryConfigurationDelegate : Bootstrapping Spring Data Redis repositories in DEFAULT mode.
16:54:21:762  INFO 16868 --- [main] .s.d.r.c.RepositoryConfigurationDelegate : Finished Spring Data repository scanning in 13 ms. Found 0 Redis repository interfaces.
16:54:22:155  INFO 16868 --- [main] o.s.b.w.embedded.tomcat.TomcatWebServer  : Tomcat initialized with port(s): 8080 (http)
16:54:22:156  INFO 16868 --- [main] o.a.catalina.core.AprLifecycleListener   : Loaded Apache Tomcat Native library [1.3.7] using APR version [1.7.6].
16:54:22:156  INFO 16868 --- [main] o.a.catalina.core.AprLifecycleListener   : APR capabilities: IPv6 [true], sendfile [true], accept filters [false], random [true], UDS [true].
16:54:22:156  INFO 16868 --- [main] o.a.catalina.core.AprLifecycleListener   : APR/OpenSSL configuration: useAprConnector [false], useOpenSSL [true]
16:54:22:159  INFO 16868 --- [main] o.a.catalina.core.AprLifecycleListener   : OpenSSL successfully initialized [OpenSSL 3.0.19 27 Jan 2026]
16:54:22:166  INFO 16868 --- [main] o.apache.catalina.core.StandardService   : Starting service [Tomcat]
16:54:22:166  INFO 16868 --- [main] org.apache.catalina.core.StandardEngine  : Starting Servlet engine: [Apache Tomcat/9.0.75]
16:54:22:264  INFO 16868 --- [main] o.a.c.c.C.[Tomcat].[localhost].[/]       : Initializing Spring embedded WebApplicationContext
16:54:22:264  INFO 16868 --- [main] w.s.c.ServletWebServerApplicationContext : Root WebApplicationContext: initialization completed in 1955 ms
16:54:23:922  INFO 16868 --- [main] pertySourcedRequestMappingHandlerMapping : Mapped URL path [/v2/api-docs] onto method [springfox.documentation.swagger2.web.Swagger2ControllerWebMvc#getDocumentation(String, HttpServletRequest)]
16:54:24:208  WARN 16868 --- [main] ConfigServletWebServerApplicationContext : Exception encountered during context initialization - cancelling refresh attempt: org.springframework.context.ApplicationContextException: Failed to start bean 'webServerStartStop'; nested exception is org.springframework.boot.web.server.PortInUseException: Port 8080 is already in use
16:54:24:222  INFO 16868 --- [main] o.apache.catalina.core.StandardService   : Stopping service [Tomcat]
16:54:24:230  INFO 16868 --- [main] ConditionEvaluationReportLoggingListener : 

Error starting ApplicationContext. To display the conditions report re-run your application with 'debug' enabled.
16:54:24:241 ERROR 16868 --- [main] o.s.b.d.LoggingFailureAnalysisReporter   : 

***************************
APPLICATION FAILED TO START
***************************

Description:

Web server failed to start. Port 8080 was already in use.

Action:

Identify and stop the process that's listening on port 8080 or configure this application to listen on another port.

