00:29:06:713  INFO 11548 --- [http-nio-8082-exec-1] o.a.c.c.C.[Tomcat].[localhost].[/]       : Initializing Spring DispatcherServlet 'dispatcherServlet'
00:29:06:728  INFO 11548 --- [http-nio-8082-exec-1] o.s.web.servlet.DispatcherServlet        : Initializing Servlet 'dispatcherServlet'
00:29:06:779  INFO 11548 --- [http-nio-8082-exec-1] o.s.web.servlet.DispatcherServlet        : Completed initialization in 50 ms
00:29:07:152  INFO 11548 --- [http-nio-8082-exec-1] com.zaxxer.hikari.HikariDataSource       : HikariPool-1 - Starting...
00:29:07:475  INFO 11548 --- [http-nio-8082-exec-1] com.zaxxer.hikari.HikariDataSource       : HikariPool-1 - Start completed.
00:29:07:487 DEBUG 11548 --- [http-nio-8082-exec-1] c.h.cart.mapper.CartMapper.selectList    : ==>  Preparing: SELECT id,user_id,item_id,num,name,spec,price,image,create_time,update_time FROM cart WHERE (user_id = ?)
00:29:07:525 DEBUG 11548 --- [http-nio-8082-exec-1] c.h.cart.mapper.CartMapper.selectList    : ==> Parameters: 1(Long)
00:29:07:569 DEBUG 11548 --- [http-nio-8082-exec-1] c.h.cart.mapper.CartMapper.selectList    : <==      Total: 4
00:29:07:652 DEBUG 11548 --- [http-nio-8082-exec-1] com.hmall.api.client.ItemClient          : [ItemClient#queryItemByIds] ---> GET http://item-service/items?ids=5706773&ids=2030774&ids=1533902&ids=14741770661 HTTP/1.1
00:29:07:652 DEBUG 11548 --- [http-nio-8082-exec-1] com.hmall.api.client.ItemClient          : [ItemClient#queryItemByIds] user-info: 1
00:29:07:652 DEBUG 11548 --- [http-nio-8082-exec-1] com.hmall.api.client.ItemClient          : [ItemClient#queryItemByIds] ---> END HTTP (0-byte body)
00:29:08:435  INFO 11548 --- [nacos-grpc-client-executor-650] com.alibaba.nacos.common.remote.client   : [efa41ef6-248b-49e8-84e3-a323fc5d5136] Receive server push request, request = NotifySubscriberRequest, requestId = 17
00:29:08:435  INFO 11548 --- [nacos-grpc-client-executor-650] com.alibaba.nacos.common.remote.client   : [efa41ef6-248b-49e8-84e3-a323fc5d5136] Ack server push request, request = NotifySubscriberRequest, requestId = 17
00:29:09:442 DEBUG 11548 --- [http-nio-8082-exec-1] com.hmall.api.client.ItemClient          : [ItemClient#queryItemByIds] <--- HTTP/1.1 200  (1789ms)
00:29:09:442 DEBUG 11548 --- [http-nio-8082-exec-1] com.hmall.api.client.ItemClient          : [ItemClient#queryItemByIds] connection: keep-alive
00:29:09:442 DEBUG 11548 --- [http-nio-8082-exec-1] com.hmall.api.client.ItemClient          : [ItemClient#queryItemByIds] content-type: application/json
00:29:09:442 DEBUG 11548 --- [http-nio-8082-exec-1] com.hmall.api.client.ItemClient          : [ItemClient#queryItemByIds] date: Sat, 30 May 2026 16:29:09 GMT
00:29:09:442 DEBUG 11548 --- [http-nio-8082-exec-1] com.hmall.api.client.ItemClient          : [ItemClient#queryItemByIds] keep-alive: timeout=60
00:29:09:442 DEBUG 11548 --- [http-nio-8082-exec-1] com.hmall.api.client.ItemClient          : [ItemClient#queryItemByIds] transfer-encoding: chunked
00:29:09:442 DEBUG 11548 --- [http-nio-8082-exec-1] com.hmall.api.client.ItemClient          : [ItemClient#queryItemByIds] 
00:29:09:445 DEBUG 11548 --- [http-nio-8082-exec-1] com.hmall.api.client.ItemClient          : [ItemClient#queryItemByIds] [{"id":"1533902","name":"新西兰进口牛奶 纽仕兰 3.5g蛋白质全脂牛奶 250ml*24整箱装纯牛奶","price":9700,"stock":10000,"image":"https://m.360buyimg.com/mobilecms/s720x720_jfs/t3526/295/888755633/189982/16ea21b4/5816dce5N70820f42.jpg!q70.jpg.webp","category":"牛奶","brand":"纽仕兰","spec":"{}","sold":0,"commentCount":0,"isAD":false,"status":1},{"id":"2030774","name":"外交官（Diplomat）磨砂箱子拉杆箱行李箱男女旅行箱密码箱万向轮箱包TC-15174TT 28英寸 黑色","price":58800,"stock":10000,"image":"https://m.360buyimg.com/mobilecms/s720x720_jfs/t22870/321/1238637240/149996/1aa457fe/5b594396Nfb108e31.jpg!q70.jpg.webp","category":"拉杆箱","brand":"Diplomat","spec":"{\"颜色\": \"黑色\", \"尺寸\": \"28英寸\"}","sold":0,"commentCount":0,"isAD":false,"status":1},{"id":"5706773","name":"华为 HUAWEI Mate 10 Pro 全面屏徕卡双摄游戏手机 6GB+128GB 银钻灰 全网通移动联通电信4G手机 双卡双待","price":544000,"stock":9999,"image":"https://m.360buyimg.com/mobilecms/s720x720_jfs/t11986/295/1484411523/155164/77795126/5a01503cN19d7f1a0.jpg!q70.jpg.webp","category":"手机","brand":"华为","spec":"{\"颜色\": \"银色\", \"选择内存\": \"128GB\"}","sold":0,"commentCount":0,"isAD":false,"status":1},{"id":"14741770661","name":"康佳（KONKA） LED49UC3 49英寸超薄曲面36核4K HDR人工智能电视","price":144600,"stock":10000,"image":"https://m.360buyimg.com/mobilecms/s720x720_jfs/t16477/84/2032772431/400946/2887be91/5a912776N7e343ec3.jpg!q70.jpg.webp","category":"曲面电视","brand":"康佳","spec":"{}","sold":0,"commentCount":0,"isAD":false,"status":1}]
00:29:09:446 DEBUG 11548 --- [http-nio-8082-exec-1] com.hmall.api.client.ItemClient          : [ItemClient#queryItemByIds] <--- END HTTP (1657-byte body)
