00:20:11:798  WARN 14016 --- [Thread-1] c.a.n.common.http.HttpClientBeanHolder   : [HttpClientBeanHolder] Start destroying common HttpClient
00:20:11:798  WARN 14016 --- [Thread-5] c.a.nacos.common.notify.NotifyCenter     : [NotifyCenter] Start destroying Publisher
00:20:11:806  WARN 14016 --- [Thread-5] c.a.nacos.common.notify.NotifyCenter     : [NotifyCenter] Destruction of the end
00:20:11:806  WARN 14016 --- [Thread-1] c.a.n.common.http.HttpClientBeanHolder   : [HttpClientBeanHolder] Destruction of the end
00:20:12:133  INFO 14016 --- [SpringApplicationShutdownHook] c.a.c.n.registry.NacosServiceRegistry    : De-registering from Nacos Server now...
00:20:12:139  INFO 14016 --- [SpringApplicationShutdownHook] c.a.c.n.registry.NacosServiceRegistry    : De-registration finished.
00:20:12:449  INFO 14016 --- [SpringApplicationShutdownHook] com.alibaba.nacos.common.remote.client   : Shutdown rpc client, set status to shutdown
00:20:12:450  INFO 14016 --- [SpringApplicationShutdownHook] com.alibaba.nacos.common.remote.client   : Shutdown client event executor java.util.concurrent.ScheduledThreadPoolExecutor@2d0c4da2[Running, pool size = 2, active threads = 2, queued tasks = 0, completed tasks = 0]
00:20:12:450  INFO 14016 --- [SpringApplicationShutdownHook] com.alibaba.nacos.common.remote.client   : Close current connection 1780156304208_192.168.18.1_59827
00:20:12:452  INFO 14016 --- [SpringApplicationShutdownHook] c.a.n.c.remote.client.grpc.GrpcClient    : Shutdown grpc executor java.util.concurrent.ThreadPoolExecutor@1217063b[Running, pool size = 4, active threads = 0, queued tasks = 0, completed tasks = 616]
00:20:21:284  INFO 21072 --- [main] com.hmall.trade.TradeApplication         : The following 1 profile is active: "local"
00:20:22:315  INFO 21072 --- [main] o.s.cloud.context.scope.GenericScope     : BeanFactory id=52a6d5d4-897b-3ed7-9d4b-d9704110bc76
00:20:22:705  INFO 21072 --- [main] o.s.b.w.embedded.tomcat.TomcatWebServer  : Tomcat initialized with port(s): 8085 (http)
00:20:22:705  INFO 21072 --- [main] o.a.catalina.core.AprLifecycleListener   : Loaded Apache Tomcat Native library [1.3.7] using APR version [1.7.6].
00:20:22:705  INFO 21072 --- [main] o.a.catalina.core.AprLifecycleListener   : APR capabilities: IPv6 [true], sendfile [true], accept filters [false], random [true], UDS [true].
00:20:22:705  INFO 21072 --- [main] o.a.catalina.core.AprLifecycleListener   : APR/OpenSSL configuration: useAprConnector [false], useOpenSSL [true]
00:20:22:711  INFO 21072 --- [main] o.a.catalina.core.AprLifecycleListener   : OpenSSL successfully initialized [OpenSSL 3.0.19 27 Jan 2026]
00:20:22:722  INFO 21072 --- [main] o.apache.catalina.core.StandardService   : Starting service [Tomcat]
00:20:22:723  INFO 21072 --- [main] org.apache.catalina.core.StandardEngine  : Starting Servlet engine: [Apache Tomcat/9.0.75]
00:20:22:883  INFO 21072 --- [main] o.a.c.c.C.[Tomcat].[localhost].[/]       : Initializing Spring embedded WebApplicationContext
00:20:22:883  INFO 21072 --- [main] w.s.c.ServletWebServerApplicationContext : Root WebApplicationContext: initialization completed in 1578 ms
00:20:24:713  INFO 21072 --- [main] o.s.c.openfeign.FeignClientFactoryBean   : For 'item-service' URL not provided. Will try picking an instance via load-balancing.
00:20:24:966  INFO 21072 --- [main] o.s.c.openfeign.FeignClientFactoryBean   : For 'cart-service' URL not provided. Will try picking an instance via load-balancing.
00:20:26:063  INFO 21072 --- [main] pertySourcedRequestMappingHandlerMapping : Mapped URL path [/v2/api-docs] onto method [springfox.documentation.swagger2.web.Swagger2ControllerWebMvc#getDocumentation(String, HttpServletRequest)]
00:20:26:937  INFO 21072 --- [main] com.alibaba.nacos.common.remote.client   : [RpcClientFactory] create a new rpc client of 12751be2-03bb-47dd-a46f-78db2f99d085
00:20:26:938  INFO 21072 --- [main] com.alibaba.nacos.common.remote.client   : [12751be2-03bb-47dd-a46f-78db2f99d085] RpcClient init label, labels = {module=naming, source=sdk}
00:20:26:940  INFO 21072 --- [main] com.alibaba.nacos.common.remote.client   : [12751be2-03bb-47dd-a46f-78db2f99d085] RpcClient init, ServerListFactory = com.alibaba.nacos.client.naming.core.ServerListManager
00:20:26:941  INFO 21072 --- [main] com.alibaba.nacos.common.remote.client   : [12751be2-03bb-47dd-a46f-78db2f99d085] Registry connection listener to current client:com.alibaba.nacos.client.naming.remote.gprc.redo.NamingGrpcRedoService
00:20:26:941  INFO 21072 --- [main] com.alibaba.nacos.common.remote.client   : [12751be2-03bb-47dd-a46f-78db2f99d085] Register server push request handler:com.alibaba.nacos.client.naming.remote.gprc.NamingPushRequestHandler
00:20:26:941  INFO 21072 --- [main] com.alibaba.nacos.common.remote.client   : [12751be2-03bb-47dd-a46f-78db2f99d085] Try to connect to server on start up, server: {serverIp = '192.168.18.99', server main port = 8848}
00:20:27:071  INFO 21072 --- [main] com.alibaba.nacos.common.remote.client   : [12751be2-03bb-47dd-a46f-78db2f99d085] Success to connect to server [192.168.18.99:8848] on start up, connectionId = 1780158028366_192.168.18.1_54488
00:20:27:071  INFO 21072 --- [main] com.alibaba.nacos.common.remote.client   : [12751be2-03bb-47dd-a46f-78db2f99d085] Register server push request handler:com.alibaba.nacos.common.remote.client.RpcClient$ConnectResetRequestHandler
00:20:27:071  INFO 21072 --- [main] com.alibaba.nacos.common.remote.client   : [12751be2-03bb-47dd-a46f-78db2f99d085] Register server push request handler:com.alibaba.nacos.common.remote.client.RpcClient$$Lambda$472/0x00000008403cf040
00:20:27:071  INFO 21072 --- [com.alibaba.nacos.client.remote.worker] com.alibaba.nacos.common.remote.client   : [12751be2-03bb-47dd-a46f-78db2f99d085] Notify connected event to listeners.
00:20:27:133  INFO 21072 --- [main] o.s.b.w.embedded.tomcat.TomcatWebServer  : Tomcat started on port(s): 8085 (http) with context path ''
00:20:27:158  INFO 21072 --- [main] c.a.c.n.registry.NacosServiceRegistry    : nacos registry, DEFAULT_GROUP trade-service 192.168.235.1:8085 register finished
00:20:27:644  INFO 21072 --- [nacos-grpc-client-executor-5] com.alibaba.nacos.common.remote.client   : [12751be2-03bb-47dd-a46f-78db2f99d085] Receive server push request, request = NotifySubscriberRequest, requestId = 11
00:20:27:658  INFO 21072 --- [nacos-grpc-client-executor-5] com.alibaba.nacos.common.remote.client   : [12751be2-03bb-47dd-a46f-78db2f99d085] Ack server push request, request = NotifySubscriberRequest, requestId = 11
00:20:27:688  INFO 21072 --- [main] d.s.w.p.DocumentationPluginsBootstrapper : Documentation plugins bootstrapped
00:20:27:692  INFO 21072 --- [main] d.s.w.p.DocumentationPluginsBootstrapper : Found 1 custom documentation plugin(s)
00:20:27:721  INFO 21072 --- [main] s.d.s.w.s.ApiListingReferenceScanner     : Scanning for api listing references
00:20:27:739  INFO 21072 --- [main] com.hmall.trade.TradeApplication         : Started TradeApplication in 9.462 seconds (JVM running for 10.135)
00:20:27:746  INFO 21072 --- [main] c.a.c.n.refresh.NacosContextRefresher    : [Nacos Config] Listening config: dataId=trade-service, group=DEFAULT_GROUP
00:20:27:747  INFO 21072 --- [main] c.a.c.n.refresh.NacosContextRefresher    : [Nacos Config] Listening config: dataId=trade-service-local.yaml, group=DEFAULT_GROUP
00:20:27:748  INFO 21072 --- [main] c.a.c.n.refresh.NacosContextRefresher    : [Nacos Config] Listening config: dataId=trade-service.yaml, group=DEFAULT_GROUP
00:25:11:474  WARN 21072 --- [Thread-5] c.a.nacos.common.notify.NotifyCenter     : [NotifyCenter] Start destroying Publisher
00:25:11:474  WARN 21072 --- [Thread-1] c.a.n.common.http.HttpClientBeanHolder   : [HttpClientBeanHolder] Start destroying common HttpClient
00:25:11:474  WARN 21072 --- [Thread-5] c.a.nacos.common.notify.NotifyCenter     : [NotifyCenter] Destruction of the end
00:25:11:475  WARN 21072 --- [Thread-1] c.a.n.common.http.HttpClientBeanHolder   : [HttpClientBeanHolder] Destruction of the end
00:25:11:696  INFO 21072 --- [SpringApplicationShutdownHook] c.a.c.n.registry.NacosServiceRegistry    : De-registering from Nacos Server now...
00:25:11:701  INFO 21072 --- [SpringApplicationShutdownHook] c.a.c.n.registry.NacosServiceRegistry    : De-registration finished.
00:25:12:009  INFO 21072 --- [SpringApplicationShutdownHook] com.alibaba.nacos.common.remote.client   : Shutdown rpc client, set status to shutdown
00:25:12:009  INFO 21072 --- [SpringApplicationShutdownHook] com.alibaba.nacos.common.remote.client   : Shutdown client event executor java.util.concurrent.ScheduledThreadPoolExecutor@9747781[Running, pool size = 2, active threads = 2, queued tasks = 0, completed tasks = 0]
00:25:12:009  INFO 21072 --- [SpringApplicationShutdownHook] com.alibaba.nacos.common.remote.client   : Close current connection 1780158028366_192.168.18.1_54488
00:25:12:011  INFO 21072 --- [nacos-grpc-client-executor-65] c.a.n.c.remote.client.grpc.GrpcClient    : [1780158028366_192.168.18.1_54488]Ignore complete event,isRunning:false,isAbandon=false
00:25:12:012  INFO 21072 --- [SpringApplicationShutdownHook] c.a.n.c.remote.client.grpc.GrpcClient    : Shutdown grpc executor java.util.concurrent.ThreadPoolExecutor@74da54e5[Running, pool size = 5, active threads = 0, queued tasks = 0, completed tasks = 66]
00:25:17:357  INFO 38508 --- [main] com.hmall.trade.TradeApplication         : The following 1 profile is active: "local"
00:25:18:656  INFO 38508 --- [main] o.s.cloud.context.scope.GenericScope     : BeanFactory id=52a6d5d4-897b-3ed7-9d4b-d9704110bc76
00:25:19:052  INFO 38508 --- [main] o.s.b.w.embedded.tomcat.TomcatWebServer  : Tomcat initialized with port(s): 8085 (http)
00:25:19:053  INFO 38508 --- [main] o.a.catalina.core.AprLifecycleListener   : Loaded Apache Tomcat Native library [1.3.7] using APR version [1.7.6].
00:25:19:053  INFO 38508 --- [main] o.a.catalina.core.AprLifecycleListener   : APR capabilities: IPv6 [true], sendfile [true], accept filters [false], random [true], UDS [true].
00:25:19:055  INFO 38508 --- [main] o.a.catalina.core.AprLifecycleListener   : APR/OpenSSL configuration: useAprConnector [false], useOpenSSL [true]
00:25:19:059  INFO 38508 --- [main] o.a.catalina.core.AprLifecycleListener   : OpenSSL successfully initialized [OpenSSL 3.0.19 27 Jan 2026]
00:25:19:067  INFO 38508 --- [main] o.apache.catalina.core.StandardService   : Starting service [Tomcat]
00:25:19:068  INFO 38508 --- [main] org.apache.catalina.core.StandardEngine  : Starting Servlet engine: [Apache Tomcat/9.0.75]
00:25:19:233  INFO 38508 --- [main] o.a.c.c.C.[Tomcat].[localhost].[/]       : Initializing Spring embedded WebApplicationContext
00:25:19:233  INFO 38508 --- [main] w.s.c.ServletWebServerApplicationContext : Root WebApplicationContext: initialization completed in 1855 ms
00:25:21:007  INFO 38508 --- [main] o.s.c.openfeign.FeignClientFactoryBean   : For 'item-service' URL not provided. Will try picking an instance via load-balancing.
00:25:21:273  INFO 38508 --- [main] o.s.c.openfeign.FeignClientFactoryBean   : For 'cart-service' URL not provided. Will try picking an instance via load-balancing.
00:25:22:395  INFO 38508 --- [main] pertySourcedRequestMappingHandlerMapping : Mapped URL path [/v2/api-docs] onto method [springfox.documentation.swagger2.web.Swagger2ControllerWebMvc#getDocumentation(String, HttpServletRequest)]
00:25:23:331  INFO 38508 --- [main] com.alibaba.nacos.common.remote.client   : [RpcClientFactory] create a new rpc client of f2fb2c41-8fb5-4259-95ee-c3223c87ec49
00:25:23:331  INFO 38508 --- [main] com.alibaba.nacos.common.remote.client   : [f2fb2c41-8fb5-4259-95ee-c3223c87ec49] RpcClient init label, labels = {module=naming, source=sdk}
00:25:23:333  INFO 38508 --- [main] com.alibaba.nacos.common.remote.client   : [f2fb2c41-8fb5-4259-95ee-c3223c87ec49] RpcClient init, ServerListFactory = com.alibaba.nacos.client.naming.core.ServerListManager
00:25:23:333  INFO 38508 --- [main] com.alibaba.nacos.common.remote.client   : [f2fb2c41-8fb5-4259-95ee-c3223c87ec49] Registry connection listener to current client:com.alibaba.nacos.client.naming.remote.gprc.redo.NamingGrpcRedoService
00:25:23:333  INFO 38508 --- [main] com.alibaba.nacos.common.remote.client   : [f2fb2c41-8fb5-4259-95ee-c3223c87ec49] Register server push request handler:com.alibaba.nacos.client.naming.remote.gprc.NamingPushRequestHandler
00:25:23:335  INFO 38508 --- [main] com.alibaba.nacos.common.remote.client   : [f2fb2c41-8fb5-4259-95ee-c3223c87ec49] Try to connect to server on start up, server: {serverIp = '192.168.18.99', server main port = 8848}
00:25:23:455  INFO 38508 --- [main] com.alibaba.nacos.common.remote.client   : [f2fb2c41-8fb5-4259-95ee-c3223c87ec49] Success to connect to server [192.168.18.99:8848] on start up, connectionId = 1780158324758_192.168.18.1_53750
00:25:23:455  INFO 38508 --- [main] com.alibaba.nacos.common.remote.client   : [f2fb2c41-8fb5-4259-95ee-c3223c87ec49] Register server push request handler:com.alibaba.nacos.common.remote.client.RpcClient$ConnectResetRequestHandler
00:25:23:455  INFO 38508 --- [main] com.alibaba.nacos.common.remote.client   : [f2fb2c41-8fb5-4259-95ee-c3223c87ec49] Register server push request handler:com.alibaba.nacos.common.remote.client.RpcClient$$Lambda$472/0x00000008403cf040
00:25:23:455  INFO 38508 --- [com.alibaba.nacos.client.remote.worker] com.alibaba.nacos.common.remote.client   : [f2fb2c41-8fb5-4259-95ee-c3223c87ec49] Notify connected event to listeners.
00:25:23:521  INFO 38508 --- [main] o.s.b.w.embedded.tomcat.TomcatWebServer  : Tomcat started on port(s): 8085 (http) with context path ''
00:25:23:534  INFO 38508 --- [main] c.a.c.n.registry.NacosServiceRegistry    : nacos registry, DEFAULT_GROUP trade-service 192.168.235.1:8085 register finished
00:25:24:018  INFO 38508 --- [nacos-grpc-client-executor-5] com.alibaba.nacos.common.remote.client   : [f2fb2c41-8fb5-4259-95ee-c3223c87ec49] Receive server push request, request = NotifySubscriberRequest, requestId = 14
00:25:24:030  INFO 38508 --- [nacos-grpc-client-executor-5] com.alibaba.nacos.common.remote.client   : [f2fb2c41-8fb5-4259-95ee-c3223c87ec49] Ack server push request, request = NotifySubscriberRequest, requestId = 14
00:25:24:116  INFO 38508 --- [main] d.s.w.p.DocumentationPluginsBootstrapper : Documentation plugins bootstrapped
00:25:24:119  INFO 38508 --- [main] d.s.w.p.DocumentationPluginsBootstrapper : Found 1 custom documentation plugin(s)
00:25:24:163  INFO 38508 --- [main] s.d.s.w.s.ApiListingReferenceScanner     : Scanning for api listing references
00:25:24:178  INFO 38508 --- [main] com.hmall.trade.TradeApplication         : Started TradeApplication in 9.562 seconds (JVM running for 10.247)
00:25:24:183  INFO 38508 --- [main] c.a.c.n.refresh.NacosContextRefresher    : [Nacos Config] Listening config: dataId=trade-service, group=DEFAULT_GROUP
00:25:24:185  INFO 38508 --- [main] c.a.c.n.refresh.NacosContextRefresher    : [Nacos Config] Listening config: dataId=trade-service-local.yaml, group=DEFAULT_GROUP
00:25:24:185  INFO 38508 --- [main] c.a.c.n.refresh.NacosContextRefresher    : [Nacos Config] Listening config: dataId=trade-service.yaml, group=DEFAULT_GROUP
00:32:21:418  WARN 38508 --- [Thread-5] c.a.nacos.common.notify.NotifyCenter     : [NotifyCenter] Start destroying Publisher
00:32:21:418  WARN 38508 --- [Thread-1] c.a.n.common.http.HttpClientBeanHolder   : [HttpClientBeanHolder] Start destroying common HttpClient
00:32:21:418  WARN 38508 --- [Thread-5] c.a.nacos.common.notify.NotifyCenter     : [NotifyCenter] Destruction of the end
00:32:21:419  WARN 38508 --- [Thread-1] c.a.n.common.http.HttpClientBeanHolder   : [HttpClientBeanHolder] Destruction of the end
00:32:21:637  INFO 38508 --- [SpringApplicationShutdownHook] c.a.c.n.registry.NacosServiceRegistry    : De-registering from Nacos Server now...
00:32:21:646  INFO 38508 --- [SpringApplicationShutdownHook] c.a.c.n.registry.NacosServiceRegistry    : De-registration finished.
00:32:21:955  INFO 38508 --- [SpringApplicationShutdownHook] com.alibaba.nacos.common.remote.client   : Shutdown rpc client, set status to shutdown
00:32:21:955  INFO 38508 --- [SpringApplicationShutdownHook] com.alibaba.nacos.common.remote.client   : Shutdown client event executor java.util.concurrent.ScheduledThreadPoolExecutor@3611ff4[Running, pool size = 2, active threads = 2, queued tasks = 0, completed tasks = 0]
00:32:21:955  INFO 38508 --- [SpringApplicationShutdownHook] com.alibaba.nacos.common.remote.client   : Close current connection 1780158324758_192.168.18.1_53750
00:32:21:958  INFO 38508 --- [nacos-grpc-client-executor-91] c.a.n.c.remote.client.grpc.GrpcClient    : [1780158324758_192.168.18.1_53750]Ignore complete event,isRunning:false,isAbandon=false
00:32:21:961  INFO 38508 --- [SpringApplicationShutdownHook] c.a.n.c.remote.client.grpc.GrpcClient    : Shutdown grpc executor java.util.concurrent.ThreadPoolExecutor@70ca2e79[Running, pool size = 5, active threads = 0, queued tasks = 0, completed tasks = 92]
00:32:27:677  INFO 38220 --- [main] com.hmall.trade.TradeApplication         : The following 1 profile is active: "local"
00:32:28:306  INFO 38220 --- [main] o.s.cloud.context.scope.GenericScope     : BeanFactory id=35f06169-3bb3-3acb-a8e7-cc11456b8895
00:32:28:547  INFO 38220 --- [main] o.s.b.w.embedded.tomcat.TomcatWebServer  : Tomcat initialized with port(s): 8085 (http)
00:32:28:547  INFO 38220 --- [main] o.a.catalina.core.AprLifecycleListener   : Loaded Apache Tomcat Native library [1.3.7] using APR version [1.7.6].
00:32:28:547  INFO 38220 --- [main] o.a.catalina.core.AprLifecycleListener   : APR capabilities: IPv6 [true], sendfile [true], accept filters [false], random [true], UDS [true].
00:32:28:547  INFO 38220 --- [main] o.a.catalina.core.AprLifecycleListener   : APR/OpenSSL configuration: useAprConnector [false], useOpenSSL [true]
00:32:28:552  INFO 38220 --- [main] o.a.catalina.core.AprLifecycleListener   : OpenSSL successfully initialized [OpenSSL 3.0.19 27 Jan 2026]
00:32:28:559  INFO 38220 --- [main] o.apache.catalina.core.StandardService   : Starting service [Tomcat]
00:32:28:559  INFO 38220 --- [main] org.apache.catalina.core.StandardEngine  : Starting Servlet engine: [Apache Tomcat/9.0.75]
00:32:28:654  INFO 38220 --- [main] o.a.c.c.C.[Tomcat].[localhost].[/]       : Initializing Spring embedded WebApplicationContext
00:32:28:654  INFO 38220 --- [main] w.s.c.ServletWebServerApplicationContext : Root WebApplicationContext: initialization completed in 965 ms
00:32:29:602  INFO 38220 --- [main] o.s.c.openfeign.FeignClientFactoryBean   : For 'item-service' URL not provided. Will try picking an instance via load-balancing.
00:32:29:793  INFO 38220 --- [main] o.s.c.openfeign.FeignClientFactoryBean   : For 'cart-service' URL not provided. Will try picking an instance via load-balancing.
00:32:30:388  INFO 38220 --- [main] pertySourcedRequestMappingHandlerMapping : Mapped URL path [/v2/api-docs] onto method [springfox.documentation.swagger2.web.Swagger2ControllerWebMvc#getDocumentation(String, HttpServletRequest)]
00:32:30:917  INFO 38220 --- [main] com.alibaba.nacos.common.remote.client   : [RpcClientFactory] create a new rpc client of cd290887-32a1-428c-977c-5dab569587ef
00:32:30:917  INFO 38220 --- [main] com.alibaba.nacos.common.remote.client   : [cd290887-32a1-428c-977c-5dab569587ef] RpcClient init label, labels = {module=naming, source=sdk}
00:32:30:919  INFO 38220 --- [main] com.alibaba.nacos.common.remote.client   : [cd290887-32a1-428c-977c-5dab569587ef] RpcClient init, ServerListFactory = com.alibaba.nacos.client.naming.core.ServerListManager
00:32:30:920  INFO 38220 --- [main] com.alibaba.nacos.common.remote.client   : [cd290887-32a1-428c-977c-5dab569587ef] Registry connection listener to current client:com.alibaba.nacos.client.naming.remote.gprc.redo.NamingGrpcRedoService
00:32:30:920  INFO 38220 --- [main] com.alibaba.nacos.common.remote.client   : [cd290887-32a1-428c-977c-5dab569587ef] Register server push request handler:com.alibaba.nacos.client.naming.remote.gprc.NamingPushRequestHandler
00:32:30:920  INFO 38220 --- [main] com.alibaba.nacos.common.remote.client   : [cd290887-32a1-428c-977c-5dab569587ef] Try to connect to server on start up, server: {serverIp = '192.168.18.99', server main port = 8848}
00:32:31:037  INFO 38220 --- [main] com.alibaba.nacos.common.remote.client   : [cd290887-32a1-428c-977c-5dab569587ef] Success to connect to server [192.168.18.99:8848] on start up, connectionId = 1780158752348_192.168.18.1_56596
00:32:31:037  INFO 38220 --- [main] com.alibaba.nacos.common.remote.client   : [cd290887-32a1-428c-977c-5dab569587ef] Register server push request handler:com.alibaba.nacos.common.remote.client.RpcClient$ConnectResetRequestHandler
00:32:31:037  INFO 38220 --- [main] com.alibaba.nacos.common.remote.client   : [cd290887-32a1-428c-977c-5dab569587ef] Register server push request handler:com.alibaba.nacos.common.remote.client.RpcClient$$Lambda$472/0x00000008403cf040
00:32:31:037  INFO 38220 --- [com.alibaba.nacos.client.remote.worker] com.alibaba.nacos.common.remote.client   : [cd290887-32a1-428c-977c-5dab569587ef] Notify connected event to listeners.
00:32:31:080  INFO 38220 --- [main] o.s.b.w.embedded.tomcat.TomcatWebServer  : Tomcat started on port(s): 8085 (http) with context path ''
00:32:31:089  INFO 38220 --- [main] c.a.c.n.registry.NacosServiceRegistry    : nacos registry, DEFAULT_GROUP trade-service 192.168.235.1:8085 register finished
00:32:31:378  INFO 38220 --- [main] d.s.w.p.DocumentationPluginsBootstrapper : Documentation plugins bootstrapped
00:32:31:380  INFO 38220 --- [main] d.s.w.p.DocumentationPluginsBootstrapper : Found 1 custom documentation plugin(s)
00:32:31:394  INFO 38220 --- [main] s.d.s.w.s.ApiListingReferenceScanner     : Scanning for api listing references
00:32:31:398  INFO 38220 --- [main] o.s.a.r.c.CachingConnectionFactory       : Attempting to connect to: [192.168.18.99:5672]
00:32:31:443  INFO 38220 --- [main] o.s.a.r.c.CachingConnectionFactory       : Created new connection: rabbitConnectionFactory#54ed249f:0/SimpleConnection@2c9aeec6 [delegate=amqp://hmall@192.168.18.99:5672//hmall, localPort= 56599]
00:32:31:530  INFO 38220 --- [main] com.hmall.trade.TradeApplication         : Started TradeApplication in 6.513 seconds (JVM running for 7.157)
00:32:31:534  INFO 38220 --- [main] c.a.c.n.refresh.NacosContextRefresher    : [Nacos Config] Listening config: dataId=trade-service, group=DEFAULT_GROUP
00:32:31:535  INFO 38220 --- [main] c.a.c.n.refresh.NacosContextRefresher    : [Nacos Config] Listening config: dataId=trade-service-local.yaml, group=DEFAULT_GROUP
00:32:31:535  INFO 38220 --- [main] c.a.c.n.refresh.NacosContextRefresher    : [Nacos Config] Listening config: dataId=trade-service.yaml, group=DEFAULT_GROUP
00:32:31:654  INFO 38220 --- [nacos-grpc-client-executor-5] com.alibaba.nacos.common.remote.client   : [cd290887-32a1-428c-977c-5dab569587ef] Receive server push request, request = NotifySubscriberRequest, requestId = 18
00:32:31:664  INFO 38220 --- [nacos-grpc-client-executor-5] com.alibaba.nacos.common.remote.client   : [cd290887-32a1-428c-977c-5dab569587ef] Ack server push request, request = NotifySubscriberRequest, requestId = 18
00:33:01:177  INFO 38220 --- [http-nio-8085-exec-1] o.a.c.c.C.[Tomcat].[localhost].[/]       : Initializing Spring DispatcherServlet 'dispatcherServlet'
00:33:01:178  INFO 38220 --- [http-nio-8085-exec-1] o.s.web.servlet.DispatcherServlet        : Initializing Servlet 'dispatcherServlet'
00:33:01:179  INFO 38220 --- [http-nio-8085-exec-1] o.s.web.servlet.DispatcherServlet        : Completed initialization in 1 ms
00:33:01:254  INFO 38220 --- [http-nio-8085-exec-1] com.zaxxer.hikari.HikariDataSource       : HikariPool-1 - Starting...
00:33:01:471  INFO 38220 --- [http-nio-8085-exec-1] com.zaxxer.hikari.HikariDataSource       : HikariPool-1 - Start completed.
00:33:01:482 DEBUG 38220 --- [http-nio-8085-exec-1] com.hmall.api.client.ItemClient          : [ItemClient#queryItemByIds] ---> GET http://item-service/items?ids=14741770661 HTTP/1.1
00:33:01:482 DEBUG 38220 --- [http-nio-8085-exec-1] com.hmall.api.client.ItemClient          : [ItemClient#queryItemByIds] user-info: 1
00:33:01:482 DEBUG 38220 --- [http-nio-8085-exec-1] com.hmall.api.client.ItemClient          : [ItemClient#queryItemByIds] ---> END HTTP (0-byte body)
00:33:01:694 DEBUG 38220 --- [http-nio-8085-exec-1] com.hmall.api.client.ItemClient          : [ItemClient#queryItemByIds] <--- HTTP/1.1 200  (212ms)
00:33:01:695 DEBUG 38220 --- [http-nio-8085-exec-1] com.hmall.api.client.ItemClient          : [ItemClient#queryItemByIds] connection: keep-alive
00:33:01:695 DEBUG 38220 --- [http-nio-8085-exec-1] com.hmall.api.client.ItemClient          : [ItemClient#queryItemByIds] content-type: application/json
00:33:01:695 DEBUG 38220 --- [http-nio-8085-exec-1] com.hmall.api.client.ItemClient          : [ItemClient#queryItemByIds] date: Sat, 30 May 2026 16:33:01 GMT
00:33:01:695 DEBUG 38220 --- [http-nio-8085-exec-1] com.hmall.api.client.ItemClient          : [ItemClient#queryItemByIds] keep-alive: timeout=60
00:33:01:696 DEBUG 38220 --- [http-nio-8085-exec-1] com.hmall.api.client.ItemClient          : [ItemClient#queryItemByIds] transfer-encoding: chunked
00:33:01:696 DEBUG 38220 --- [http-nio-8085-exec-1] com.hmall.api.client.ItemClient          : [ItemClient#queryItemByIds] 
00:33:01:697 DEBUG 38220 --- [http-nio-8085-exec-1] com.hmall.api.client.ItemClient          : [ItemClient#queryItemByIds] [{"id":"14741770661","name":"康佳（KONKA） LED49UC3 49英寸超薄曲面36核4K HDR人工智能电视","price":144600,"stock":10000,"image":"https://m.360buyimg.com/mobilecms/s720x720_jfs/t16477/84/2032772431/400946/2887be91/5a912776N7e343ec3.jpg!q70.jpg.webp","category":"曲面电视","brand":"康佳","spec":"{}","sold":0,"commentCount":0,"isAD":false,"status":1}]
00:33:01:697 DEBUG 38220 --- [http-nio-8085-exec-1] com.hmall.api.client.ItemClient          : [ItemClient#queryItemByIds] <--- END HTTP (371-byte body)
00:33:01:752 DEBUG 38220 --- [http-nio-8085-exec-1] c.hmall.trade.mapper.OrderMapper.insert  : ==>  Preparing: INSERT INTO `order` ( id, total_fee, payment_type, user_id, status ) VALUES ( ?, ?, ?, ?, ? )
00:33:01:778 DEBUG 38220 --- [http-nio-8085-exec-1] c.hmall.trade.mapper.OrderMapper.insert  : ==> Parameters: 2060761409352462338(Long), 289200(Integer), 3(Integer), 1(Long), 1(Integer)
00:33:01:852 DEBUG 38220 --- [http-nio-8085-exec-1] c.hmall.trade.mapper.OrderMapper.insert  : <==    Updates: 1
00:33:01:864 DEBUG 38220 --- [http-nio-8085-exec-1] c.h.t.mapper.OrderDetailMapper.insert    : ==>  Preparing: INSERT INTO order_detail ( order_id, item_id, num, name, spec, price, image ) VALUES ( ?, ?, ?, ?, ?, ?, ? )
00:33:01:867 DEBUG 38220 --- [http-nio-8085-exec-1] c.h.t.mapper.OrderDetailMapper.insert    : ==> Parameters: 2060761409352462338(Long), 14741770661(Long), 2(Integer), 康佳（KONKA） LED49UC3 49英寸超薄曲面36核4K HDR人工智能电视(String), {}(String), 144600(Integer), https://m.360buyimg.com/mobilecms/s720x720_jfs/t16477/84/2032772431/400946/2887be91/5a912776N7e343ec3.jpg!q70.jpg.webp(String)
00:33:01:919 DEBUG 38220 --- [http-nio-8085-exec-1] com.hmall.api.client.CartClient          : [CartClient#removeByItemIds] ---> DELETE http://cart-service/carts?ids=14741770661 HTTP/1.1
00:33:01:921 DEBUG 38220 --- [http-nio-8085-exec-1] com.hmall.api.client.CartClient          : [CartClient#removeByItemIds] user-info: 1
00:33:01:921 DEBUG 38220 --- [http-nio-8085-exec-1] com.hmall.api.client.CartClient          : [CartClient#removeByItemIds] ---> END HTTP (0-byte body)
00:33:02:021 DEBUG 38220 --- [http-nio-8085-exec-1] com.hmall.api.client.CartClient          : [CartClient#removeByItemIds] <--- HTTP/1.1 200  (100ms)
00:33:02:021 DEBUG 38220 --- [http-nio-8085-exec-1] com.hmall.api.client.CartClient          : [CartClient#removeByItemIds] connection: keep-alive
00:33:02:021 DEBUG 38220 --- [http-nio-8085-exec-1] com.hmall.api.client.CartClient          : [CartClient#removeByItemIds] content-length: 0
00:33:02:022 DEBUG 38220 --- [http-nio-8085-exec-1] com.hmall.api.client.CartClient          : [CartClient#removeByItemIds] date: Sat, 30 May 2026 16:33:02 GMT
00:33:02:022 DEBUG 38220 --- [http-nio-8085-exec-1] com.hmall.api.client.CartClient          : [CartClient#removeByItemIds] keep-alive: timeout=60
00:33:02:022 DEBUG 38220 --- [http-nio-8085-exec-1] com.hmall.api.client.CartClient          : [CartClient#removeByItemIds] <--- END HTTP (0-byte body)
00:33:02:034 DEBUG 38220 --- [http-nio-8085-exec-1] com.hmall.api.client.ItemClient          : [ItemClient#deductStock] ---> PUT http://item-service/items/stock/deduct HTTP/1.1
00:33:02:034 DEBUG 38220 --- [http-nio-8085-exec-1] com.hmall.api.client.ItemClient          : [ItemClient#deductStock] Content-Length: 34
00:33:02:034 DEBUG 38220 --- [http-nio-8085-exec-1] com.hmall.api.client.ItemClient          : [ItemClient#deductStock] Content-Type: application/json
00:33:02:034 DEBUG 38220 --- [http-nio-8085-exec-1] com.hmall.api.client.ItemClient          : [ItemClient#deductStock] user-info: 1
00:33:02:034 DEBUG 38220 --- [http-nio-8085-exec-1] com.hmall.api.client.ItemClient          : [ItemClient#deductStock] 
00:33:02:034 DEBUG 38220 --- [http-nio-8085-exec-1] com.hmall.api.client.ItemClient          : [ItemClient#deductStock] [{"itemId":"14741770661","num":2}]
00:33:02:034 DEBUG 38220 --- [http-nio-8085-exec-1] com.hmall.api.client.ItemClient          : [ItemClient#deductStock] ---> END HTTP (34-byte body)
00:33:02:108  INFO 38220 --- [nacos-grpc-client-executor-14] com.alibaba.nacos.common.remote.client   : [cd290887-32a1-428c-977c-5dab569587ef] Receive server push request, request = NotifySubscriberRequest, requestId = 20
00:33:02:108  INFO 38220 --- [nacos-grpc-client-executor-14] com.alibaba.nacos.common.remote.client   : [cd290887-32a1-428c-977c-5dab569587ef] Ack server push request, request = NotifySubscriberRequest, requestId = 20
00:33:02:154 DEBUG 38220 --- [http-nio-8085-exec-1] com.hmall.api.client.ItemClient          : [ItemClient#deductStock] <--- HTTP/1.1 200  (119ms)
00:33:02:154 DEBUG 38220 --- [http-nio-8085-exec-1] com.hmall.api.client.ItemClient          : [ItemClient#deductStock] connection: keep-alive
00:33:02:154 DEBUG 38220 --- [http-nio-8085-exec-1] com.hmall.api.client.ItemClient          : [ItemClient#deductStock] content-length: 0
00:33:02:154 DEBUG 38220 --- [http-nio-8085-exec-1] com.hmall.api.client.ItemClient          : [ItemClient#deductStock] date: Sat, 30 May 2026 16:33:02 GMT
00:33:02:154 DEBUG 38220 --- [http-nio-8085-exec-1] com.hmall.api.client.ItemClient          : [ItemClient#deductStock] keep-alive: timeout=60
00:33:02:154 DEBUG 38220 --- [http-nio-8085-exec-1] com.hmall.api.client.ItemClient          : [ItemClient#deductStock] <--- END HTTP (0-byte body)
00:33:02:434 DEBUG 38220 --- [http-nio-8085-exec-7] c.h.trade.mapper.OrderMapper.selectById  : ==>  Preparing: SELECT id,total_fee,payment_type,user_id,status,create_time,pay_time,consign_time,end_time,close_time,comment_time,update_time FROM `order` WHERE id=?
00:33:02:434 DEBUG 38220 --- [http-nio-8085-exec-7] c.h.trade.mapper.OrderMapper.selectById  : ==> Parameters: 2060761409352462338(Long)
00:33:02:470 DEBUG 38220 --- [http-nio-8085-exec-7] c.h.trade.mapper.OrderMapper.selectById  : <==      Total: 1
00:33:02:509  INFO 38220 --- [nacos-grpc-client-executor-15] com.alibaba.nacos.common.remote.client   : [cd290887-32a1-428c-977c-5dab569587ef] Receive server push request, request = NotifySubscriberRequest, requestId = 21
00:33:02:509  INFO 38220 --- [nacos-grpc-client-executor-15] com.alibaba.nacos.common.remote.client   : [cd290887-32a1-428c-977c-5dab569587ef] Ack server push request, request = NotifySubscriberRequest, requestId = 21
00:38:35:346 DEBUG 38220 --- [http-nio-8085-exec-3] com.hmall.api.client.ItemClient          : [ItemClient#queryItemByIds] ---> GET http://item-service/items?ids=5706773 HTTP/1.1
00:38:35:346 DEBUG 38220 --- [http-nio-8085-exec-3] com.hmall.api.client.ItemClient          : [ItemClient#queryItemByIds] user-info: 1
00:38:35:347 DEBUG 38220 --- [http-nio-8085-exec-3] com.hmall.api.client.ItemClient          : [ItemClient#queryItemByIds] ---> END HTTP (0-byte body)
00:38:35:370 DEBUG 38220 --- [http-nio-8085-exec-3] com.hmall.api.client.ItemClient          : [ItemClient#queryItemByIds] <--- HTTP/1.1 200  (23ms)
00:38:35:371 DEBUG 38220 --- [http-nio-8085-exec-3] com.hmall.api.client.ItemClient          : [ItemClient#queryItemByIds] connection: keep-alive
00:38:35:371 DEBUG 38220 --- [http-nio-8085-exec-3] com.hmall.api.client.ItemClient          : [ItemClient#queryItemByIds] content-type: application/json
00:38:35:371 DEBUG 38220 --- [http-nio-8085-exec-3] com.hmall.api.client.ItemClient          : [ItemClient#queryItemByIds] date: Sat, 30 May 2026 16:38:35 GMT
00:38:35:371 DEBUG 38220 --- [http-nio-8085-exec-3] com.hmall.api.client.ItemClient          : [ItemClient#queryItemByIds] keep-alive: timeout=60
00:38:35:371 DEBUG 38220 --- [http-nio-8085-exec-3] com.hmall.api.client.ItemClient          : [ItemClient#queryItemByIds] transfer-encoding: chunked
00:38:35:371 DEBUG 38220 --- [http-nio-8085-exec-3] com.hmall.api.client.ItemClient          : [ItemClient#queryItemByIds] 
00:38:35:371 DEBUG 38220 --- [http-nio-8085-exec-3] com.hmall.api.client.ItemClient          : [ItemClient#queryItemByIds] [{"id":"5706773","name":"华为 HUAWEI Mate 10 Pro 全面屏徕卡双摄游戏手机 6GB+128GB 银钻灰 全网通移动联通电信4G手机 双卡双待","price":544000,"stock":9999,"image":"https://m.360buyimg.com/mobilecms/s720x720_jfs/t11986/295/1484411523/155164/77795126/5a01503cN19d7f1a0.jpg!q70.jpg.webp","category":"手机","brand":"华为","spec":"{\"颜色\": \"银色\", \"选择内存\": \"128GB\"}","sold":0,"commentCount":0,"isAD":false,"status":1}]
00:38:35:372 DEBUG 38220 --- [http-nio-8085-exec-3] com.hmall.api.client.ItemClient          : [ItemClient#queryItemByIds] <--- END HTTP (464-byte body)
00:38:35:373 DEBUG 38220 --- [http-nio-8085-exec-3] c.hmall.trade.mapper.OrderMapper.insert  : ==>  Preparing: INSERT INTO `order` ( id, total_fee, payment_type, user_id, status ) VALUES ( ?, ?, ?, ?, ? )
00:38:35:373 DEBUG 38220 --- [http-nio-8085-exec-3] c.hmall.trade.mapper.OrderMapper.insert  : ==> Parameters: 2060762808693911553(Long), 544000(Integer), 3(Integer), 1(Long), 1(Integer)
00:38:35:387 DEBUG 38220 --- [http-nio-8085-exec-3] c.hmall.trade.mapper.OrderMapper.insert  : <==    Updates: 1
00:38:35:389 DEBUG 38220 --- [http-nio-8085-exec-3] c.h.t.mapper.OrderDetailMapper.insert    : ==>  Preparing: INSERT INTO order_detail ( order_id, item_id, num, name, spec, price, image ) VALUES ( ?, ?, ?, ?, ?, ?, ? )
00:38:35:389 DEBUG 38220 --- [http-nio-8085-exec-3] c.h.t.mapper.OrderDetailMapper.insert    : ==> Parameters: 2060762808693911553(Long), 5706773(Long), 1(Integer), 华为 HUAWEI Mate 10 Pro 全面屏徕卡双摄游戏手机 6GB+128GB 银钻灰 全网通移动联通电信4G手机 双卡双待(String), {"颜色": "银色", "选择内存": "128GB"}(String), 544000(Integer), https://m.360buyimg.com/mobilecms/s720x720_jfs/t11986/295/1484411523/155164/77795126/5a01503cN19d7f1a0.jpg!q70.jpg.webp(String)
00:38:35:393 DEBUG 38220 --- [http-nio-8085-exec-3] com.hmall.api.client.CartClient          : [CartClient#removeByItemIds] ---> DELETE http://cart-service/carts?ids=5706773 HTTP/1.1
00:38:35:393 DEBUG 38220 --- [http-nio-8085-exec-3] com.hmall.api.client.CartClient          : [CartClient#removeByItemIds] user-info: 1
00:38:35:393 DEBUG 38220 --- [http-nio-8085-exec-3] com.hmall.api.client.CartClient          : [CartClient#removeByItemIds] ---> END HTTP (0-byte body)
00:38:35:410 DEBUG 38220 --- [http-nio-8085-exec-3] com.hmall.api.client.CartClient          : [CartClient#removeByItemIds] <--- HTTP/1.1 200  (16ms)
00:38:35:410 DEBUG 38220 --- [http-nio-8085-exec-3] com.hmall.api.client.CartClient          : [CartClient#removeByItemIds] connection: keep-alive
00:38:35:410 DEBUG 38220 --- [http-nio-8085-exec-3] com.hmall.api.client.CartClient          : [CartClient#removeByItemIds] content-length: 0
00:38:35:410 DEBUG 38220 --- [http-nio-8085-exec-3] com.hmall.api.client.CartClient          : [CartClient#removeByItemIds] date: Sat, 30 May 2026 16:38:35 GMT
00:38:35:410 DEBUG 38220 --- [http-nio-8085-exec-3] com.hmall.api.client.CartClient          : [CartClient#removeByItemIds] keep-alive: timeout=60
00:38:35:410 DEBUG 38220 --- [http-nio-8085-exec-3] com.hmall.api.client.CartClient          : [CartClient#removeByItemIds] <--- END HTTP (0-byte body)
00:38:35:410 DEBUG 38220 --- [http-nio-8085-exec-3] com.hmall.api.client.ItemClient          : [ItemClient#deductStock] ---> PUT http://item-service/items/stock/deduct HTTP/1.1
00:38:35:410 DEBUG 38220 --- [http-nio-8085-exec-3] com.hmall.api.client.ItemClient          : [ItemClient#deductStock] Content-Length: 30
00:38:35:410 DEBUG 38220 --- [http-nio-8085-exec-3] com.hmall.api.client.ItemClient          : [ItemClient#deductStock] Content-Type: application/json
00:38:35:410 DEBUG 38220 --- [http-nio-8085-exec-3] com.hmall.api.client.ItemClient          : [ItemClient#deductStock] user-info: 1
00:38:35:410 DEBUG 38220 --- [http-nio-8085-exec-3] com.hmall.api.client.ItemClient          : [ItemClient#deductStock] 
00:38:35:410 DEBUG 38220 --- [http-nio-8085-exec-3] com.hmall.api.client.ItemClient          : [ItemClient#deductStock] [{"itemId":"5706773","num":1}]
00:38:35:410 DEBUG 38220 --- [http-nio-8085-exec-3] com.hmall.api.client.ItemClient          : [ItemClient#deductStock] ---> END HTTP (30-byte body)
00:38:35:434 DEBUG 38220 --- [http-nio-8085-exec-3] com.hmall.api.client.ItemClient          : [ItemClient#deductStock] <--- HTTP/1.1 200  (23ms)
00:38:35:434 DEBUG 38220 --- [http-nio-8085-exec-3] com.hmall.api.client.ItemClient          : [ItemClient#deductStock] connection: keep-alive
00:38:35:434 DEBUG 38220 --- [http-nio-8085-exec-3] com.hmall.api.client.ItemClient          : [ItemClient#deductStock] content-length: 0
00:38:35:434 DEBUG 38220 --- [http-nio-8085-exec-3] com.hmall.api.client.ItemClient          : [ItemClient#deductStock] date: Sat, 30 May 2026 16:38:35 GMT
00:38:35:435 DEBUG 38220 --- [http-nio-8085-exec-3] com.hmall.api.client.ItemClient          : [ItemClient#deductStock] keep-alive: timeout=60
00:38:35:435 DEBUG 38220 --- [http-nio-8085-exec-3] com.hmall.api.client.ItemClient          : [ItemClient#deductStock] <--- END HTTP (0-byte body)
00:38:35:522 DEBUG 38220 --- [http-nio-8085-exec-5] c.h.trade.mapper.OrderMapper.selectById  : ==>  Preparing: SELECT id,total_fee,payment_type,user_id,status,create_time,pay_time,consign_time,end_time,close_time,comment_time,update_time FROM `order` WHERE id=?
00:38:35:523 DEBUG 38220 --- [http-nio-8085-exec-5] c.h.trade.mapper.OrderMapper.selectById  : ==> Parameters: 2060762808693911553(Long)
00:38:35:525 DEBUG 38220 --- [http-nio-8085-exec-5] c.h.trade.mapper.OrderMapper.selectById  : <==      Total: 1
00:39:14:680 DEBUG 38220 --- [org.springframework.amqp.rabbit.RabbitListenerEndpointContainer#0-1] c.h.trade.mapper.OrderMapper.updateById  : ==>  Preparing: UPDATE `order` SET status=?, pay_time=? WHERE id=?
00:39:14:688 DEBUG 38220 --- [org.springframework.amqp.rabbit.RabbitListenerEndpointContainer#0-1] c.h.trade.mapper.OrderMapper.updateById  : ==> Parameters: 2(Integer), 2026-05-31T00:39:14.671434100(LocalDateTime), 2060762808693911553(Long)
00:39:14:693 DEBUG 38220 --- [org.springframework.amqp.rabbit.RabbitListenerEndpointContainer#0-1] c.h.trade.mapper.OrderMapper.updateById  : <==    Updates: 1
00:39:14:760 DEBUG 38220 --- [http-nio-8085-exec-6] c.h.trade.mapper.OrderMapper.selectById  : ==>  Preparing: SELECT id,total_fee,payment_type,user_id,status,create_time,pay_time,consign_time,end_time,close_time,comment_time,update_time FROM `order` WHERE id=?
00:39:14:760 DEBUG 38220 --- [http-nio-8085-exec-6] c.h.trade.mapper.OrderMapper.selectById  : ==> Parameters: 2060762808693911553(Long)
00:39:14:763 DEBUG 38220 --- [http-nio-8085-exec-6] c.h.trade.mapper.OrderMapper.selectById  : <==      Total: 1
15:37:07:226  INFO 13356 --- [main] com.hmall.trade.TradeApplication         : The following 1 profile is active: "local"
15:37:08:157  INFO 13356 --- [main] o.s.cloud.context.scope.GenericScope     : BeanFactory id=52a6d5d4-897b-3ed7-9d4b-d9704110bc76
15:37:08:506  INFO 13356 --- [main] o.s.b.w.embedded.tomcat.TomcatWebServer  : Tomcat initialized with port(s): 8085 (http)
15:37:08:506  INFO 13356 --- [main] o.a.catalina.core.AprLifecycleListener   : Loaded Apache Tomcat Native library [1.3.7] using APR version [1.7.6].
15:37:08:507  INFO 13356 --- [main] o.a.catalina.core.AprLifecycleListener   : APR capabilities: IPv6 [true], sendfile [true], accept filters [false], random [true], UDS [true].
15:37:08:507  INFO 13356 --- [main] o.a.catalina.core.AprLifecycleListener   : APR/OpenSSL configuration: useAprConnector [false], useOpenSSL [true]
15:37:08:511  INFO 13356 --- [main] o.a.catalina.core.AprLifecycleListener   : OpenSSL successfully initialized [OpenSSL 3.0.19 27 Jan 2026]
15:37:08:519  INFO 13356 --- [main] o.apache.catalina.core.StandardService   : Starting service [Tomcat]
15:37:08:519  INFO 13356 --- [main] org.apache.catalina.core.StandardEngine  : Starting Servlet engine: [Apache Tomcat/9.0.75]
15:37:08:621  INFO 13356 --- [main] o.a.c.c.C.[Tomcat].[localhost].[/]       : Initializing Spring embedded WebApplicationContext
15:37:08:622  INFO 13356 --- [main] w.s.c.ServletWebServerApplicationContext : Root WebApplicationContext: initialization completed in 1376 ms
15:37:09:840  INFO 13356 --- [main] o.s.c.openfeign.FeignClientFactoryBean   : For 'item-service' URL not provided. Will try picking an instance via load-balancing.
15:37:10:092  INFO 13356 --- [main] o.s.c.openfeign.FeignClientFactoryBean   : For 'cart-service' URL not provided. Will try picking an instance via load-balancing.
15:37:11:105  INFO 13356 --- [main] pertySourcedRequestMappingHandlerMapping : Mapped URL path [/v2/api-docs] onto method [springfox.documentation.swagger2.web.Swagger2ControllerWebMvc#getDocumentation(String, HttpServletRequest)]
15:37:11:919  INFO 13356 --- [main] com.alibaba.nacos.common.remote.client   : [RpcClientFactory] create a new rpc client of 2b112299-8bb1-41ed-a67d-9c9cc87fd5cf
15:37:11:920  INFO 13356 --- [main] com.alibaba.nacos.common.remote.client   : [2b112299-8bb1-41ed-a67d-9c9cc87fd5cf] RpcClient init label, labels = {module=naming, source=sdk}
15:37:11:922  INFO 13356 --- [main] com.alibaba.nacos.common.remote.client   : [2b112299-8bb1-41ed-a67d-9c9cc87fd5cf] RpcClient init, ServerListFactory = com.alibaba.nacos.client.naming.core.ServerListManager
15:37:11:922  INFO 13356 --- [main] com.alibaba.nacos.common.remote.client   : [2b112299-8bb1-41ed-a67d-9c9cc87fd5cf] Registry connection listener to current client:com.alibaba.nacos.client.naming.remote.gprc.redo.NamingGrpcRedoService
15:37:11:922  INFO 13356 --- [main] com.alibaba.nacos.common.remote.client   : [2b112299-8bb1-41ed-a67d-9c9cc87fd5cf] Register server push request handler:com.alibaba.nacos.client.naming.remote.gprc.NamingPushRequestHandler
15:37:11:922  INFO 13356 --- [main] com.alibaba.nacos.common.remote.client   : [2b112299-8bb1-41ed-a67d-9c9cc87fd5cf] Try to connect to server on start up, server: {serverIp = '192.168.18.99', server main port = 8848}
15:37:12:060  INFO 13356 --- [main] com.alibaba.nacos.common.remote.client   : [2b112299-8bb1-41ed-a67d-9c9cc87fd5cf] Success to connect to server [192.168.18.99:8848] on start up, connectionId = 1780213033560_192.168.18.1_63037
15:37:12:061  INFO 13356 --- [main] com.alibaba.nacos.common.remote.client   : [2b112299-8bb1-41ed-a67d-9c9cc87fd5cf] Register server push request handler:com.alibaba.nacos.common.remote.client.RpcClient$ConnectResetRequestHandler
15:37:12:063  INFO 13356 --- [main] com.alibaba.nacos.common.remote.client   : [2b112299-8bb1-41ed-a67d-9c9cc87fd5cf] Register server push request handler:com.alibaba.nacos.common.remote.client.RpcClient$$Lambda$472/0x00000008403cec40
15:37:12:061  INFO 13356 --- [com.alibaba.nacos.client.remote.worker] com.alibaba.nacos.common.remote.client   : [2b112299-8bb1-41ed-a67d-9c9cc87fd5cf] Notify connected event to listeners.
15:37:12:159  INFO 13356 --- [main] o.s.b.w.embedded.tomcat.TomcatWebServer  : Tomcat started on port(s): 8085 (http) with context path ''
15:37:12:172  INFO 13356 --- [main] c.a.c.n.registry.NacosServiceRegistry    : nacos registry, DEFAULT_GROUP trade-service 192.168.235.1:8085 register finished
15:37:12:620  INFO 13356 --- [main] d.s.w.p.DocumentationPluginsBootstrapper : Documentation plugins bootstrapped
15:37:12:622  INFO 13356 --- [main] d.s.w.p.DocumentationPluginsBootstrapper : Found 1 custom documentation plugin(s)
15:37:12:638  INFO 13356 --- [main] s.d.s.w.s.ApiListingReferenceScanner     : Scanning for api listing references
15:37:12:649  INFO 13356 --- [main] com.hmall.trade.TradeApplication         : Started TradeApplication in 8.225 seconds (JVM running for 8.914)
15:37:12:653  INFO 13356 --- [main] c.a.c.n.refresh.NacosContextRefresher    : [Nacos Config] Listening config: dataId=trade-service, group=DEFAULT_GROUP
15:37:12:654  INFO 13356 --- [main] c.a.c.n.refresh.NacosContextRefresher    : [Nacos Config] Listening config: dataId=trade-service-local.yaml, group=DEFAULT_GROUP
15:37:12:654  INFO 13356 --- [main] c.a.c.n.refresh.NacosContextRefresher    : [Nacos Config] Listening config: dataId=trade-service.yaml, group=DEFAULT_GROUP
15:37:12:658  INFO 13356 --- [nacos-grpc-client-executor-7] com.alibaba.nacos.common.remote.client   : [2b112299-8bb1-41ed-a67d-9c9cc87fd5cf] Receive server push request, request = NotifySubscriberRequest, requestId = 2
15:37:12:670  INFO 13356 --- [nacos-grpc-client-executor-7] com.alibaba.nacos.common.remote.client   : [2b112299-8bb1-41ed-a67d-9c9cc87fd5cf] Ack server push request, request = NotifySubscriberRequest, requestId = 2
15:38:11:603  WARN 13356 --- [Thread-5] c.a.nacos.common.notify.NotifyCenter     : [NotifyCenter] Start destroying Publisher
15:38:11:603  WARN 13356 --- [Thread-1] c.a.n.common.http.HttpClientBeanHolder   : [HttpClientBeanHolder] Start destroying common HttpClient
15:38:11:604  WARN 13356 --- [Thread-5] c.a.nacos.common.notify.NotifyCenter     : [NotifyCenter] Destruction of the end
15:38:11:604  WARN 13356 --- [Thread-1] c.a.n.common.http.HttpClientBeanHolder   : [HttpClientBeanHolder] Destruction of the end
15:38:11:802  INFO 13356 --- [SpringApplicationShutdownHook] c.a.c.n.registry.NacosServiceRegistry    : De-registering from Nacos Server now...
15:38:11:811  INFO 13356 --- [SpringApplicationShutdownHook] c.a.c.n.registry.NacosServiceRegistry    : De-registration finished.
15:38:12:122  INFO 13356 --- [SpringApplicationShutdownHook] com.alibaba.nacos.common.remote.client   : Shutdown rpc client, set status to shutdown
15:38:12:122  INFO 13356 --- [SpringApplicationShutdownHook] com.alibaba.nacos.common.remote.client   : Shutdown client event executor java.util.concurrent.ScheduledThreadPoolExecutor@4c3620a[Running, pool size = 2, active threads = 2, queued tasks = 0, completed tasks = 0]
15:38:12:122  INFO 13356 --- [SpringApplicationShutdownHook] com.alibaba.nacos.common.remote.client   : Close current connection 1780213033560_192.168.18.1_63037
15:38:12:126  INFO 13356 --- [SpringApplicationShutdownHook] c.a.n.c.remote.client.grpc.GrpcClient    : Shutdown grpc executor java.util.concurrent.ThreadPoolExecutor@7431a60a[Running, pool size = 3, active threads = 0, queued tasks = 0, completed tasks = 21]
