15:44:05:344  INFO 40484 --- [main] com.hmall.pay.PayApplication             : Starting PayApplication using Java 17 on X with PID 40484 (D:\IDEAworkspace\hmall\pay-service\target\classes started by 33523 in D:\IDEAworkspace\hmall\pay-service)
15:44:05:351 DEBUG 40484 --- [main] com.hmall.pay.PayApplication             : Running with Spring Boot v2.7.12, Spring v5.3.27
15:44:05:353  INFO 40484 --- [main] com.hmall.pay.PayApplication             : The following 1 profile is active: "dev"
15:44:08:055  INFO 40484 --- [main] o.s.cloud.context.scope.GenericScope     : BeanFactory id=7e82a72c-2c0b-34ea-84e2-7d9dd27e6d1f
15:44:09:133  INFO 40484 --- [main] o.s.b.w.embedded.tomcat.TomcatWebServer  : Tomcat initialized with port(s): 8086 (http)
15:44:09:136  INFO 40484 --- [main] o.a.catalina.core.AprLifecycleListener   : Loaded Apache Tomcat Native library [1.3.7] using APR version [1.7.6].
15:44:09:138  INFO 40484 --- [main] o.a.catalina.core.AprLifecycleListener   : APR capabilities: IPv6 [true], sendfile [true], accept filters [false], random [true], UDS [true].
15:44:09:139  INFO 40484 --- [main] o.a.catalina.core.AprLifecycleListener   : APR/OpenSSL configuration: useAprConnector [false], useOpenSSL [true]
15:44:09:174  INFO 40484 --- [main] o.a.catalina.core.AprLifecycleListener   : OpenSSL successfully initialized [OpenSSL 3.0.19 27 Jan 2026]
15:44:09:193  INFO 40484 --- [main] o.apache.catalina.core.StandardService   : Starting service [Tomcat]
15:44:09:195  INFO 40484 --- [main] org.apache.catalina.core.StandardEngine  : Starting Servlet engine: [Apache Tomcat/9.0.75]
15:44:09:478  INFO 40484 --- [main] o.a.c.c.C.[Tomcat].[localhost].[/]       : Initializing Spring embedded WebApplicationContext
15:44:09:479  INFO 40484 --- [main] w.s.c.ServletWebServerApplicationContext : Root WebApplicationContext: initialization completed in 3997 ms
15:44:09:837  INFO 40484 --- [main] o.s.c.openfeign.FeignClientFactoryBean   : For 'user-service' URL not provided. Will try picking an instance via load-balancing.
15:44:10:360  INFO 40484 --- [main] o.s.c.openfeign.FeignClientFactoryBean   : For 'trade-service' URL not provided. Will try picking an instance via load-balancing.
15:44:12:577  INFO 40484 --- [main] pertySourcedRequestMappingHandlerMapping : Mapped URL path [/v2/api-docs] onto method [springfox.documentation.swagger2.web.Swagger2ControllerWebMvc#getDocumentation(String, HttpServletRequest)]
15:44:13:267  INFO 40484 --- [main] com.alibaba.nacos.common.remote.client   : [RpcClientFactory] create a new rpc client of ed95f2cc-54b2-4db0-8209-f1957bafd4eb
15:44:13:408  INFO 40484 --- [main] org.reflections.Reflections              : Reflections took 66 ms to scan 1 urls, producing 3 keys and 6 values 
15:44:13:459  INFO 40484 --- [main] org.reflections.Reflections              : Reflections took 17 ms to scan 1 urls, producing 4 keys and 9 values 
15:44:13:476  INFO 40484 --- [main] org.reflections.Reflections              : Reflections took 11 ms to scan 1 urls, producing 3 keys and 10 values 
15:44:13:482  WARN 40484 --- [main] org.reflections.Reflections              : given scan urls are empty. set urls in the configuration
15:44:13:494  INFO 40484 --- [main] org.reflections.Reflections              : Reflections took 11 ms to scan 1 urls, producing 1 keys and 5 values 
15:44:13:512  INFO 40484 --- [main] org.reflections.Reflections              : Reflections took 13 ms to scan 1 urls, producing 1 keys and 7 values 
15:44:13:526  INFO 40484 --- [main] org.reflections.Reflections              : Reflections took 11 ms to scan 1 urls, producing 2 keys and 8 values 
15:44:13:536  WARN 40484 --- [main] org.reflections.Reflections              : given scan urls are empty. set urls in the configuration
15:44:13:539  INFO 40484 --- [main] com.alibaba.nacos.common.remote.client   : [ed95f2cc-54b2-4db0-8209-f1957bafd4eb] RpcClient init label, labels = {module=naming, source=sdk}
15:44:13:542  INFO 40484 --- [main] com.alibaba.nacos.common.remote.client   : [ed95f2cc-54b2-4db0-8209-f1957bafd4eb] RpcClient init, ServerListFactory = com.alibaba.nacos.client.naming.core.ServerListManager
15:44:13:543  INFO 40484 --- [main] com.alibaba.nacos.common.remote.client   : [ed95f2cc-54b2-4db0-8209-f1957bafd4eb] Registry connection listener to current client:com.alibaba.nacos.client.naming.remote.gprc.redo.NamingGrpcRedoService
15:44:13:545  INFO 40484 --- [main] com.alibaba.nacos.common.remote.client   : [ed95f2cc-54b2-4db0-8209-f1957bafd4eb] Register server push request handler:com.alibaba.nacos.client.naming.remote.gprc.NamingPushRequestHandler
15:44:13:549  INFO 40484 --- [main] com.alibaba.nacos.common.remote.client   : [ed95f2cc-54b2-4db0-8209-f1957bafd4eb] Try to connect to server on start up, server: {serverIp = '192.168.18.99', server main port = 8848}
15:44:15:665  INFO 40484 --- [main] com.alibaba.nacos.common.remote.client   : [ed95f2cc-54b2-4db0-8209-f1957bafd4eb] Success to connect to server [192.168.18.99:8848] on start up, connectionId = 1779695058548_192.168.18.1_59030
15:44:15:667  INFO 40484 --- [com.alibaba.nacos.client.remote.worker] com.alibaba.nacos.common.remote.client   : [ed95f2cc-54b2-4db0-8209-f1957bafd4eb] Notify connected event to listeners.
15:44:15:667  INFO 40484 --- [main] com.alibaba.nacos.common.remote.client   : [ed95f2cc-54b2-4db0-8209-f1957bafd4eb] Register server push request handler:com.alibaba.nacos.common.remote.client.RpcClient$ConnectResetRequestHandler
15:44:15:668  INFO 40484 --- [main] com.alibaba.nacos.common.remote.client   : [ed95f2cc-54b2-4db0-8209-f1957bafd4eb] Register server push request handler:com.alibaba.nacos.common.remote.client.RpcClient$$Lambda$940/0x00000008013711e8
15:44:15:769  INFO 40484 --- [main] o.s.b.w.embedded.tomcat.TomcatWebServer  : Tomcat started on port(s): 8086 (http) with context path ''
15:44:15:852  INFO 40484 --- [main] c.a.c.n.registry.NacosServiceRegistry    : nacos registry, DEFAULT_GROUP pay-service 192.168.235.1:8086 register finished
15:44:16:166  INFO 40484 --- [main] d.s.w.p.DocumentationPluginsBootstrapper : Documentation plugins bootstrapped
15:44:16:172  INFO 40484 --- [main] d.s.w.p.DocumentationPluginsBootstrapper : Found 1 custom documentation plugin(s)
15:44:16:216  INFO 40484 --- [main] s.d.s.w.s.ApiListingReferenceScanner     : Scanning for api listing references
15:44:16:328  INFO 40484 --- [nacos-grpc-client-executor-8] com.alibaba.nacos.common.remote.client   : [ed95f2cc-54b2-4db0-8209-f1957bafd4eb] Receive server push request, request = NotifySubscriberRequest, requestId = 14
15:44:16:336  INFO 40484 --- [nacos-grpc-client-executor-8] com.alibaba.nacos.common.remote.client   : [ed95f2cc-54b2-4db0-8209-f1957bafd4eb] Ack server push request, request = NotifySubscriberRequest, requestId = 14
15:44:16:402  INFO 40484 --- [main] com.hmall.pay.PayApplication             : Started PayApplication in 12.698 seconds (JVM running for 13.603)
15:44:21:681  INFO 40484 --- [http-nio-8086-exec-1] o.a.c.c.C.[Tomcat].[localhost].[/]       : Initializing Spring DispatcherServlet 'dispatcherServlet'
15:44:21:683  INFO 40484 --- [http-nio-8086-exec-1] o.s.web.servlet.DispatcherServlet        : Initializing Servlet 'dispatcherServlet'
15:44:21:687  INFO 40484 --- [http-nio-8086-exec-1] o.s.web.servlet.DispatcherServlet        : Completed initialization in 3 ms
