00:17:53:732  INFO 3080 --- [main] com.hmall.user.UserApplication           : The following 1 profile is active: "local"
00:17:54:240  INFO 3080 --- [main] o.s.cloud.context.scope.GenericScope     : BeanFactory id=8748e315-b00d-33c2-82af-c70931c450b8
00:17:54:436  INFO 3080 --- [main] o.s.b.w.embedded.tomcat.TomcatWebServer  : Tomcat initialized with port(s): 8085 (http)
00:17:54:436  INFO 3080 --- [main] o.a.catalina.core.AprLifecycleListener   : Loaded Apache Tomcat Native library [1.3.7] using APR version [1.7.6].
00:17:54:436  INFO 3080 --- [main] o.a.catalina.core.AprLifecycleListener   : APR capabilities: IPv6 [true], sendfile [true], accept filters [false], random [true], UDS [true].
00:17:54:437  INFO 3080 --- [main] o.a.catalina.core.AprLifecycleListener   : APR/OpenSSL configuration: useAprConnector [false], useOpenSSL [true]
00:17:54:447  INFO 3080 --- [main] o.a.catalina.core.AprLifecycleListener   : OpenSSL successfully initialized [OpenSSL 3.0.19 27 Jan 2026]
00:17:54:453  INFO 3080 --- [main] o.apache.catalina.core.StandardService   : Starting service [Tomcat]
00:17:54:454  INFO 3080 --- [main] org.apache.catalina.core.StandardEngine  : Starting Servlet engine: [Apache Tomcat/9.0.75]
00:17:54:545  INFO 3080 --- [main] o.a.c.c.C.[Tomcat].[localhost].[/]       : Initializing Spring embedded WebApplicationContext
00:17:54:545  INFO 3080 --- [main] w.s.c.ServletWebServerApplicationContext : Root WebApplicationContext: initialization completed in 797 ms
00:17:56:239  INFO 3080 --- [main] pertySourcedRequestMappingHandlerMapping : Mapped URL path [/v2/api-docs] onto method [springfox.documentation.swagger2.web.Swagger2ControllerWebMvc#getDocumentation(String, HttpServletRequest)]
00:17:56:739  INFO 3080 --- [main] com.alibaba.nacos.common.remote.client   : [RpcClientFactory] create a new rpc client of 77cf0179-39d9-48c5-ac84-ccfaece2beb9
00:17:56:739  INFO 3080 --- [main] com.alibaba.nacos.common.remote.client   : [77cf0179-39d9-48c5-ac84-ccfaece2beb9] RpcClient init label, labels = {module=naming, source=sdk}
00:17:56:740  INFO 3080 --- [main] com.alibaba.nacos.common.remote.client   : [77cf0179-39d9-48c5-ac84-ccfaece2beb9] RpcClient init, ServerListFactory = com.alibaba.nacos.client.naming.core.ServerListManager
00:17:56:741  INFO 3080 --- [main] com.alibaba.nacos.common.remote.client   : [77cf0179-39d9-48c5-ac84-ccfaece2beb9] Registry connection listener to current client:com.alibaba.nacos.client.naming.remote.gprc.redo.NamingGrpcRedoService
00:17:56:741  INFO 3080 --- [main] com.alibaba.nacos.common.remote.client   : [77cf0179-39d9-48c5-ac84-ccfaece2beb9] Register server push request handler:com.alibaba.nacos.client.naming.remote.gprc.NamingPushRequestHandler
00:17:56:741  INFO 3080 --- [main] com.alibaba.nacos.common.remote.client   : [77cf0179-39d9-48c5-ac84-ccfaece2beb9] Try to connect to server on start up, server: {serverIp = '192.168.18.99', server main port = 8848}
00:17:56:861  INFO 3080 --- [main] com.alibaba.nacos.common.remote.client   : [77cf0179-39d9-48c5-ac84-ccfaece2beb9] Success to connect to server [192.168.18.99:8848] on start up, connectionId = 1780157878161_192.168.18.1_49992
00:17:56:861  INFO 3080 --- [main] com.alibaba.nacos.common.remote.client   : [77cf0179-39d9-48c5-ac84-ccfaece2beb9] Register server push request handler:com.alibaba.nacos.common.remote.client.RpcClient$ConnectResetRequestHandler
00:17:56:861  INFO 3080 --- [main] com.alibaba.nacos.common.remote.client   : [77cf0179-39d9-48c5-ac84-ccfaece2beb9] Register server push request handler:com.alibaba.nacos.common.remote.client.RpcClient$$Lambda$472/0x00000008403cf040
00:17:56:861  INFO 3080 --- [com.alibaba.nacos.client.remote.worker] com.alibaba.nacos.common.remote.client   : [77cf0179-39d9-48c5-ac84-ccfaece2beb9] Notify connected event to listeners.
00:17:56:894  WARN 3080 --- [main] ConfigServletWebServerApplicationContext : Exception encountered during context initialization - cancelling refresh attempt: org.springframework.context.ApplicationContextException: Failed to start bean 'webServerStartStop'; nested exception is org.springframework.boot.web.server.PortInUseException: Port 8085 is already in use
00:17:57:410  INFO 3080 --- [nacos-grpc-client-executor-4] com.alibaba.nacos.common.remote.client   : [77cf0179-39d9-48c5-ac84-ccfaece2beb9] Receive server push request, request = NotifySubscriberRequest, requestId = 9
00:17:57:419  INFO 3080 --- [nacos-grpc-client-executor-4] com.alibaba.nacos.common.remote.client   : [77cf0179-39d9-48c5-ac84-ccfaece2beb9] Ack server push request, request = NotifySubscriberRequest, requestId = 9
00:17:57:512  INFO 3080 --- [main] com.alibaba.nacos.common.remote.client   : Shutdown rpc client, set status to shutdown
00:17:57:513  INFO 3080 --- [main] com.alibaba.nacos.common.remote.client   : Shutdown client event executor java.util.concurrent.ScheduledThreadPoolExecutor@3c2188f[Running, pool size = 2, active threads = 2, queued tasks = 0, completed tasks = 0]
00:17:57:513  INFO 3080 --- [main] com.alibaba.nacos.common.remote.client   : Close current connection 1780157878161_192.168.18.1_49992
00:17:57:515  INFO 3080 --- [nacos-grpc-client-executor-5] c.a.n.c.remote.client.grpc.GrpcClient    : [1780157878161_192.168.18.1_49992]Ignore complete event,isRunning:false,isAbandon=false
00:17:57:517  INFO 3080 --- [main] c.a.n.c.remote.client.grpc.GrpcClient    : Shutdown grpc executor java.util.concurrent.ThreadPoolExecutor@792eeae6[Running, pool size = 6, active threads = 0, queued tasks = 0, completed tasks = 6]
00:17:57:519  INFO 3080 --- [main] com.alibaba.nacos.common.remote.client   : [RpcClientFactory] create a new rpc client of 7e469f3d-abc7-4958-aede-ef5cb1e29b24
00:17:57:519  INFO 3080 --- [main] com.alibaba.nacos.common.remote.client   : [7e469f3d-abc7-4958-aede-ef5cb1e29b24] RpcClient init label, labels = {module=naming, source=sdk}
00:17:57:519  INFO 3080 --- [main] com.alibaba.nacos.common.remote.client   : [7e469f3d-abc7-4958-aede-ef5cb1e29b24] RpcClient init, ServerListFactory = com.alibaba.nacos.client.naming.core.ServerListManager
00:17:57:519  INFO 3080 --- [main] com.alibaba.nacos.common.remote.client   : [7e469f3d-abc7-4958-aede-ef5cb1e29b24] Registry connection listener to current client:com.alibaba.nacos.client.naming.remote.gprc.redo.NamingGrpcRedoService
00:17:57:519  INFO 3080 --- [main] com.alibaba.nacos.common.remote.client   : [7e469f3d-abc7-4958-aede-ef5cb1e29b24] Register server push request handler:com.alibaba.nacos.client.naming.remote.gprc.NamingPushRequestHandler
00:17:57:520  INFO 3080 --- [main] com.alibaba.nacos.common.remote.client   : [7e469f3d-abc7-4958-aede-ef5cb1e29b24] Try to connect to server on start up, server: {serverIp = '192.168.18.99', server main port = 8848}
00:17:57:650  INFO 3080 --- [main] com.alibaba.nacos.common.remote.client   : [7e469f3d-abc7-4958-aede-ef5cb1e29b24] Success to connect to server [192.168.18.99:8848] on start up, connectionId = 1780157878948_192.168.18.1_49994
00:17:57:650  INFO 3080 --- [main] com.alibaba.nacos.common.remote.client   : [7e469f3d-abc7-4958-aede-ef5cb1e29b24] Register server push request handler:com.alibaba.nacos.common.remote.client.RpcClient$ConnectResetRequestHandler
00:17:57:650  INFO 3080 --- [main] com.alibaba.nacos.common.remote.client   : [7e469f3d-abc7-4958-aede-ef5cb1e29b24] Register server push request handler:com.alibaba.nacos.common.remote.client.RpcClient$$Lambda$472/0x00000008403cf040
00:17:57:650  INFO 3080 --- [com.alibaba.nacos.client.remote.worker] com.alibaba.nacos.common.remote.client   : [7e469f3d-abc7-4958-aede-ef5cb1e29b24] Notify connected event to listeners.
00:17:57:656  INFO 3080 --- [main] o.apache.catalina.core.StandardService   : Stopping service [Tomcat]
00:17:57:664  INFO 3080 --- [main] ConditionEvaluationReportLoggingListener : 

Error starting ApplicationContext. To display the conditions report re-run your application with 'debug' enabled.
00:17:57:679 ERROR 3080 --- [main] o.s.b.d.LoggingFailureAnalysisReporter   : 

***************************
APPLICATION FAILED TO START
***************************

Description:

Web server failed to start. Port 8085 was already in use.

Action:

Identify and stop the process that's listening on port 8085 or configure this application to listen on another port.

00:17:57:680  WARN 3080 --- [Thread-5] c.a.nacos.common.notify.NotifyCenter     : [NotifyCenter] Start destroying Publisher
00:17:57:680  WARN 3080 --- [Thread-1] c.a.n.common.http.HttpClientBeanHolder   : [HttpClientBeanHolder] Start destroying common HttpClient
00:17:57:680  WARN 3080 --- [Thread-5] c.a.nacos.common.notify.NotifyCenter     : [NotifyCenter] Destruction of the end
00:17:57:680  WARN 3080 --- [Thread-1] c.a.n.common.http.HttpClientBeanHolder   : [HttpClientBeanHolder] Destruction of the end
